The system is: Linux - 4.15.0-76-generic - x86_64
Compiling the CXX compiler identification source file "CMakeCXXCompilerId.cpp" succeeded.
Compiler: /glob/development-tools/versions/oneapi/2023.0.1/oneapi/compiler/2023.0.0/linux/bin/icpx 
Build flags: 
Id flags:  

The output was:
0


Compilation of the CXX compiler identification source "CMakeCXXCompilerId.cpp" produced "a.out"

The CXX compiler identification is Clang, found in "/home/u186670/HeteroRL_CartPole/RL_OneAPI/CartPole/Init/build/CMakeFiles/3.10.2/CompilerIdCXX/a.out"

Determining if the CXX compiler works passed with the following output:
Change Dir: /home/u186670/HeteroRL_CartPole/RL_OneAPI/CartPole/Init/build/CMakeFiles/CMakeTmp

Run Build Command:"/usr/bin/make" "cmTC_d5074/fast"
/usr/bin/make -f CMakeFiles/cmTC_d5074.dir/build.make CMakeFiles/cmTC_d5074.dir/build
make[1]: Entering directory '/home/u186670/HeteroRL_CartPole/RL_OneAPI/CartPole/Init/build/CMakeFiles/CMakeTmp'
Building CXX object CMakeFiles/cmTC_d5074.dir/testCXXCompiler.cxx.o
/glob/development-tools/versions/oneapi/2023.0.1/oneapi/compiler/2023.0.0/linux/bin/icpx     -o CMakeFiles/cmTC_d5074.dir/testCXXCompiler.cxx.o -c /home/u186670/HeteroRL_CartPole/RL_OneAPI/CartPole/Init/build/CMakeFiles/CMakeTmp/testCXXCompiler.cxx
Linking CXX executable cmTC_d5074
/usr/bin/cmake -E cmake_link_script CMakeFiles/cmTC_d5074.dir/link.txt --verbose=1
/glob/development-tools/versions/oneapi/2023.0.1/oneapi/compiler/2023.0.0/linux/bin/icpx       -rdynamic CMakeFiles/cmTC_d5074.dir/testCXXCompiler.cxx.o  -o cmTC_d5074 
make[1]: Leaving directory '/home/u186670/HeteroRL_CartPole/RL_OneAPI/CartPole/Init/build/CMakeFiles/CMakeTmp'


Detecting CXX compiler ABI info compiled with the following output:
Change Dir: /home/u186670/HeteroRL_CartPole/RL_OneAPI/CartPole/Init/build/CMakeFiles/CMakeTmp

Run Build Command:"/usr/bin/make" "cmTC_37036/fast"
/usr/bin/make -f CMakeFiles/cmTC_37036.dir/build.make CMakeFiles/cmTC_37036.dir/build
make[1]: Entering directory '/home/u186670/HeteroRL_CartPole/RL_OneAPI/CartPole/Init/build/CMakeFiles/CMakeTmp'
Building CXX object CMakeFiles/cmTC_37036.dir/CMakeCXXCompilerABI.cpp.o
/glob/development-tools/versions/oneapi/2023.0.1/oneapi/compiler/2023.0.0/linux/bin/icpx     -o CMakeFiles/cmTC_37036.dir/CMakeCXXCompilerABI.cpp.o -c /usr/share/cmake-3.10/Modules/CMakeCXXCompilerABI.cpp
Linking CXX executable cmTC_37036
/usr/bin/cmake -E cmake_link_script CMakeFiles/cmTC_37036.dir/link.txt --verbose=1
/glob/development-tools/versions/oneapi/2023.0.1/oneapi/compiler/2023.0.0/linux/bin/icpx      -v -rdynamic CMakeFiles/cmTC_37036.dir/CMakeCXXCompilerABI.cpp.o  -o cmTC_37036 
Intel(R) oneAPI DPC++/C++ Compiler 2023.0.0 (2023.0.0.20221201)
Target: x86_64-unknown-linux-gnu
Thread model: posix
InstalledDir: /glob/development-tools/versions/oneapi/2023.0.1/oneapi/compiler/2023.0.0/linux/bin-llvm
Configuration file: /glob/development-tools/versions/oneapi/2023.0.1/oneapi/compiler/2023.0.0/linux/bin-llvm/../bin/icpx.cfg
Found candidate GCC installation: /usr/lib/gcc/x86_64-linux-gnu/7
Found candidate GCC installation: /usr/lib/gcc/x86_64-linux-gnu/7.4.0
Found candidate GCC installation: /usr/lib/gcc/x86_64-linux-gnu/8
Selected GCC installation: /usr/lib/gcc/x86_64-linux-gnu/7.4.0
Candidate multilib: .;@m64
Selected multilib: .;@m64
 "/usr/bin/ld" -export-dynamic -z relro --hash-style=gnu --eh-frame-hdr -m elf_x86_64 -export-dynamic -dynamic-linker /lib64/ld-linux-x86-64.so.2 -o cmTC_37036 /usr/lib/x86_64-linux-gnu/Scrt1.o /usr/lib/x86_64-linux-gnu/crti.o /usr/lib/gcc/x86_64-linux-gnu/7.4.0/crtbeginS.o -L/glob/development-tools/versions/oneapi/2023.0.1/oneapi/compiler/2023.0.0/linux/bin-llvm/../compiler/lib/intel64_lin -L/glob/development-tools/versions/oneapi/2023.0.1/oneapi/compiler/2023.0.0/linux/bin-llvm/../lib -L/glob/development-tools/versions/oneapi/2023.0.1/oneapi/compiler/2023.0.0/linux/bin-llvm/../compiler/lib/intel64_lin -L/usr/lib/gcc/x86_64-linux-gnu/7.4.0 -L/lib/x86_64-linux-gnu -L/lib/../lib64 -L/usr/lib/x86_64-linux-gnu -L/usr/lib/gcc/x86_64-linux-gnu/7.4.0/../../.. -L/glob/development-tools/versions/oneapi/2023.0.1/oneapi/compiler/2023.0.0/linux/bin-llvm/../lib -L/lib -L/usr/lib -L/glob/development-tools/versions/oneapi/2023.0.1/oneapi/vpl/2023.0.0/lib -L/glob/development-tools/versions/oneapi/2023.0.1/oneapi/tbb/2021.8.0/env/../lib/intel64/gcc4.8 -L/glob/development-tools/versions/oneapi/2023.0.1/oneapi/mpi/2021.8.0//libfabric/lib -L/glob/development-tools/versions/oneapi/2023.0.1/oneapi/mpi/2021.8.0//lib/release -L/glob/development-tools/versions/oneapi/2023.0.1/oneapi/mpi/2021.8.0//lib -L/glob/development-tools/versions/oneapi/2023.0.1/oneapi/mkl/2023.0.0/lib/intel64 -L/glob/development-tools/versions/oneapi/2023.0.1/oneapi/ipp/2021.7.0/lib/intel64 -L/glob/development-tools/versions/oneapi/2023.0.1/oneapi/ippcp/2021.6.3/lib/intel64 -L/glob/development-tools/versions/oneapi/2023.0.1/oneapi/ipp/2021.7.0/lib/intel64 -L/glob/development-tools/versions/oneapi/2023.0.1/oneapi/dnnl/2023.0.0/cpu_dpcpp_gpu_dpcpp/lib -L/glob/development-tools/versions/oneapi/2023.0.1/oneapi/dal/2023.0.0/lib/intel64 -L/glob/development-tools/versions/oneapi/2023.0.1/oneapi/compiler/2023.0.0/linux/compiler/lib/intel64_lin -L/glob/development-tools/versions/oneapi/2023.0.1/oneapi/compiler/2023.0.0/linux/lib -L/glob/development-tools/versions/oneapi/2023.0.1/oneapi/clck/2021.7.2/lib/intel64 -L/glob/development-tools/versions/oneapi/2023.0.1/oneapi/ccl/2021.8.0/lib/cpu_gpu_dpcpp -L/glob/development-tools/versions/oneapi/2023.0.1/oneapi/vpl/2023.0.0/lib -L/glob/development-tools/versions/oneapi/2023.0.1/oneapi/tbb/2021.8.0/env/../lib/intel64/gcc4.8 -L/glob/development-tools/versions/oneapi/2023.0.1/oneapi/mpi/2021.8.0//libfabric/lib -L/glob/development-tools/versions/oneapi/2023.0.1/oneapi/mpi/2021.8.0//lib/release -L/glob/development-tools/versions/oneapi/2023.0.1/oneapi/mpi/2021.8.0//lib -L/glob/development-tools/versions/oneapi/2023.0.1/oneapi/mkl/2023.0.0/lib/intel64 -L/glob/development-tools/versions/oneapi/2023.0.1/oneapi/ipp/2021.7.0/lib/intel64 -L/glob/development-tools/versions/oneapi/2023.0.1/oneapi/ippcp/2021.6.3/lib/intel64 -L/glob/development-tools/versions/oneapi/2023.0.1/oneapi/ipp/2021.7.0/lib/intel64 -L/glob/development-tools/versions/oneapi/2023.0.1/oneapi/dnnl/2023.0.0/cpu_dpcpp_gpu_dpcpp/lib -L/glob/development-tools/versions/oneapi/2023.0.1/oneapi/dal/2023.0.0/lib/intel64 -L/glob/development-tools/versions/oneapi/2023.0.1/oneapi/compiler/2023.0.0/linux/compiler/lib/intel64_lin -L/glob/development-tools/versions/oneapi/2023.0.1/oneapi/compiler/2023.0.0/linux/lib -L/glob/development-tools/versions/oneapi/2023.0.1/oneapi/clck/2021.7.2/lib/intel64 -L/glob/development-tools/versions/oneapi/2023.0.1/oneapi/ccl/2021.8.0/lib/cpu_gpu_dpcpp CMakeFiles/cmTC_37036.dir/CMakeCXXCompilerABI.cpp.o -Bstatic -lsvml -Bdynamic -Bstatic -lirng -Bdynamic -lstdc++ -Bstatic -limf -Bdynamic -lm -lgcc_s -lgcc -Bstatic -lirc -Bdynamic -ldl -lgcc_s -lgcc -lc -lgcc_s -lgcc -Bstatic -lirc_s -Bdynamic /usr/lib/gcc/x86_64-linux-gnu/7.4.0/crtendS.o /usr/lib/x86_64-linux-gnu/crtn.o
make[1]: Leaving directory '/home/u186670/HeteroRL_CartPole/RL_OneAPI/CartPole/Init/build/CMakeFiles/CMakeTmp'


Parsed CXX implicit link information from above output:
  link line regex: [^( *|.*[/\])(ld|CMAKE_LINK_STARTFILE-NOTFOUND|([^/\]+-)?ld|collect2)[^/\]*( |$)]
  ignore line: [Change Dir: /home/u186670/HeteroRL_CartPole/RL_OneAPI/CartPole/Init/build/CMakeFiles/CMakeTmp]
  ignore line: []
  ignore line: [Run Build Command:"/usr/bin/make" "cmTC_37036/fast"]
  ignore line: [/usr/bin/make -f CMakeFiles/cmTC_37036.dir/build.make CMakeFiles/cmTC_37036.dir/build]
  ignore line: [make[1]: Entering directory '/home/u186670/HeteroRL_CartPole/RL_OneAPI/CartPole/Init/build/CMakeFiles/CMakeTmp']
  ignore line: [Building CXX object CMakeFiles/cmTC_37036.dir/CMakeCXXCompilerABI.cpp.o]
  ignore line: [/glob/development-tools/versions/oneapi/2023.0.1/oneapi/compiler/2023.0.0/linux/bin/icpx     -o CMakeFiles/cmTC_37036.dir/CMakeCXXCompilerABI.cpp.o -c /usr/share/cmake-3.10/Modules/CMakeCXXCompilerABI.cpp]
  ignore line: [Linking CXX executable cmTC_37036]
  ignore line: [/usr/bin/cmake -E cmake_link_script CMakeFiles/cmTC_37036.dir/link.txt --verbose=1]
  ignore line: [/glob/development-tools/versions/oneapi/2023.0.1/oneapi/compiler/2023.0.0/linux/bin/icpx      -v -rdynamic CMakeFiles/cmTC_37036.dir/CMakeCXXCompilerABI.cpp.o  -o cmTC_37036 ]
  ignore line: [Intel(R) oneAPI DPC++/C++ Compiler 2023.0.0 (2023.0.0.20221201)]
  ignore line: [Target: x86_64-unknown-linux-gnu]
  ignore line: [Thread model: posix]
  ignore line: [InstalledDir: /glob/development-tools/versions/oneapi/2023.0.1/oneapi/compiler/2023.0.0/linux/bin-llvm]
  ignore line: [Configuration file: /glob/development-tools/versions/oneapi/2023.0.1/oneapi/compiler/2023.0.0/linux/bin-llvm/../bin/icpx.cfg]
  ignore line: [Found candidate GCC installation: /usr/lib/gcc/x86_64-linux-gnu/7]
  ignore line: [Found candidate GCC installation: /usr/lib/gcc/x86_64-linux-gnu/7.4.0]
  ignore line: [Found candidate GCC installation: /usr/lib/gcc/x86_64-linux-gnu/8]
  ignore line: [Selected GCC installation: /usr/lib/gcc/x86_64-linux-gnu/7.4.0]
  ignore line: [Candidate multilib: .]
  ignore line: [@m64]
  ignore line: [Selected multilib: .]
  ignore line: [@m64]
  link line: [ "/usr/bin/ld" -export-dynamic -z relro --hash-style=gnu --eh-frame-hdr -m elf_x86_64 -export-dynamic -dynamic-linker /lib64/ld-linux-x86-64.so.2 -o cmTC_37036 /usr/lib/x86_64-linux-gnu/Scrt1.o /usr/lib/x86_64-linux-gnu/crti.o /usr/lib/gcc/x86_64-linux-gnu/7.4.0/crtbeginS.o -L/glob/development-tools/versions/oneapi/2023.0.1/oneapi/compiler/2023.0.0/linux/bin-llvm/../compiler/lib/intel64_lin -L/glob/development-tools/versions/oneapi/2023.0.1/oneapi/compiler/2023.0.0/linux/bin-llvm/../lib -L/glob/development-tools/versions/oneapi/2023.0.1/oneapi/compiler/2023.0.0/linux/bin-llvm/../compiler/lib/intel64_lin -L/usr/lib/gcc/x86_64-linux-gnu/7.4.0 -L/lib/x86_64-linux-gnu -L/lib/../lib64 -L/usr/lib/x86_64-linux-gnu -L/usr/lib/gcc/x86_64-linux-gnu/7.4.0/../../.. -L/glob/development-tools/versions/oneapi/2023.0.1/oneapi/compiler/2023.0.0/linux/bin-llvm/../lib -L/lib -L/usr/lib -L/glob/development-tools/versions/oneapi/2023.0.1/oneapi/vpl/2023.0.0/lib -L/glob/development-tools/versions/oneapi/2023.0.1/oneapi/tbb/2021.8.0/env/../lib/intel64/gcc4.8 -L/glob/development-tools/versions/oneapi/2023.0.1/oneapi/mpi/2021.8.0//libfabric/lib -L/glob/development-tools/versions/oneapi/2023.0.1/oneapi/mpi/2021.8.0//lib/release -L/glob/development-tools/versions/oneapi/2023.0.1/oneapi/mpi/2021.8.0//lib -L/glob/development-tools/versions/oneapi/2023.0.1/oneapi/mkl/2023.0.0/lib/intel64 -L/glob/development-tools/versions/oneapi/2023.0.1/oneapi/ipp/2021.7.0/lib/intel64 -L/glob/development-tools/versions/oneapi/2023.0.1/oneapi/ippcp/2021.6.3/lib/intel64 -L/glob/development-tools/versions/oneapi/2023.0.1/oneapi/ipp/2021.7.0/lib/intel64 -L/glob/development-tools/versions/oneapi/2023.0.1/oneapi/dnnl/2023.0.0/cpu_dpcpp_gpu_dpcpp/lib -L/glob/development-tools/versions/oneapi/2023.0.1/oneapi/dal/2023.0.0/lib/intel64 -L/glob/development-tools/versions/oneapi/2023.0.1/oneapi/compiler/2023.0.0/linux/compiler/lib/intel64_lin -L/glob/development-tools/versions/oneapi/2023.0.1/oneapi/compiler/2023.0.0/linux/lib -L/glob/development-tools/versions/oneapi/2023.0.1/oneapi/clck/2021.7.2/lib/intel64 -L/glob/development-tools/versions/oneapi/2023.0.1/oneapi/ccl/2021.8.0/lib/cpu_gpu_dpcpp -L/glob/development-tools/versions/oneapi/2023.0.1/oneapi/vpl/2023.0.0/lib -L/glob/development-tools/versions/oneapi/2023.0.1/oneapi/tbb/2021.8.0/env/../lib/intel64/gcc4.8 -L/glob/development-tools/versions/oneapi/2023.0.1/oneapi/mpi/2021.8.0//libfabric/lib -L/glob/development-tools/versions/oneapi/2023.0.1/oneapi/mpi/2021.8.0//lib/release -L/glob/development-tools/versions/oneapi/2023.0.1/oneapi/mpi/2021.8.0//lib -L/glob/development-tools/versions/oneapi/2023.0.1/oneapi/mkl/2023.0.0/lib/intel64 -L/glob/development-tools/versions/oneapi/2023.0.1/oneapi/ipp/2021.7.0/lib/intel64 -L/glob/development-tools/versions/oneapi/2023.0.1/oneapi/ippcp/2021.6.3/lib/intel64 -L/glob/development-tools/versions/oneapi/2023.0.1/oneapi/ipp/2021.7.0/lib/intel64 -L/glob/development-tools/versions/oneapi/2023.0.1/oneapi/dnnl/2023.0.0/cpu_dpcpp_gpu_dpcpp/lib -L/glob/development-tools/versions/oneapi/2023.0.1/oneapi/dal/2023.0.0/lib/intel64 -L/glob/development-tools/versions/oneapi/2023.0.1/oneapi/compiler/2023.0.0/linux/compiler/lib/intel64_lin -L/glob/development-tools/versions/oneapi/2023.0.1/oneapi/compiler/2023.0.0/linux/lib -L/glob/development-tools/versions/oneapi/2023.0.1/oneapi/clck/2021.7.2/lib/intel64 -L/glob/development-tools/versions/oneapi/2023.0.1/oneapi/ccl/2021.8.0/lib/cpu_gpu_dpcpp CMakeFiles/cmTC_37036.dir/CMakeCXXCompilerABI.cpp.o -Bstatic -lsvml -Bdynamic -Bstatic -lirng -Bdynamic -lstdc++ -Bstatic -limf -Bdynamic -lm -lgcc_s -lgcc -Bstatic -lirc -Bdynamic -ldl -lgcc_s -lgcc -lc -lgcc_s -lgcc -Bstatic -lirc_s -Bdynamic /usr/lib/gcc/x86_64-linux-gnu/7.4.0/crtendS.o /usr/lib/x86_64-linux-gnu/crtn.o]
    arg [/usr/bin/ld] ==> ignore
    arg [-export-dynamic] ==> ignore
    arg [-zrelro] ==> ignore
    arg [--hash-style=gnu] ==> ignore
    arg [--eh-frame-hdr] ==> ignore
    arg [-m] ==> ignore
    arg [elf_x86_64] ==> ignore
    arg [-export-dynamic] ==> ignore
    arg [-dynamic-linker] ==> ignore
    arg [/lib64/ld-linux-x86-64.so.2] ==> ignore
    arg [-o] ==> ignore
    arg [cmTC_37036] ==> ignore
    arg [/usr/lib/x86_64-linux-gnu/Scrt1.o] ==> ignore
    arg [/usr/lib/x86_64-linux-gnu/crti.o] ==> ignore
    arg [/usr/lib/gcc/x86_64-linux-gnu/7.4.0/crtbeginS.o] ==> ignore
    arg [-L/glob/development-tools/versions/oneapi/2023.0.1/oneapi/compiler/2023.0.0/linux/bin-llvm/../compiler/lib/intel64_lin] ==> dir [/glob/development-tools/versions/oneapi/2023.0.1/oneapi/compiler/2023.0.0/linux/bin-llvm/../compiler/lib/intel64_lin]
    arg [-L/glob/development-tools/versions/oneapi/2023.0.1/oneapi/compiler/2023.0.0/linux/bin-llvm/../lib] ==> dir [/glob/development-tools/versions/oneapi/2023.0.1/oneapi/compiler/2023.0.0/linux/bin-llvm/../lib]
    arg [-L/glob/development-tools/versions/oneapi/2023.0.1/oneapi/compiler/2023.0.0/linux/bin-llvm/../compiler/lib/intel64_lin] ==> dir [/glob/development-tools/versions/oneapi/2023.0.1/oneapi/compiler/2023.0.0/linux/bin-llvm/../compiler/lib/intel64_lin]
    arg [-L/usr/lib/gcc/x86_64-linux-gnu/7.4.0] ==> dir [/usr/lib/gcc/x86_64-linux-gnu/7.4.0]
    arg [-L/lib/x86_64-linux-gnu] ==> dir [/lib/x86_64-linux-gnu]
    arg [-L/lib/../lib64] ==> dir [/lib/../lib64]
    arg [-L/usr/lib/x86_64-linux-gnu] ==> dir [/usr/lib/x86_64-linux-gnu]
    arg [-L/usr/lib/gcc/x86_64-linux-gnu/7.4.0/../../..] ==> dir [/usr/lib/gcc/x86_64-linux-gnu/7.4.0/../../..]
    arg [-L/glob/development-tools/versions/oneapi/2023.0.1/oneapi/compiler/2023.0.0/linux/bin-llvm/../lib] ==> dir [/glob/development-tools/versions/oneapi/2023.0.1/oneapi/compiler/2023.0.0/linux/bin-llvm/../lib]
    arg [-L/lib] ==> dir [/lib]
    arg [-L/usr/lib] ==> dir [/usr/lib]
    arg [-L/glob/development-tools/versions/oneapi/2023.0.1/oneapi/vpl/2023.0.0/lib] ==> dir [/glob/development-tools/versions/oneapi/2023.0.1/oneapi/vpl/2023.0.0/lib]
    arg [-L/glob/development-tools/versions/oneapi/2023.0.1/oneapi/tbb/2021.8.0/env/../lib/intel64/gcc4.8] ==> dir [/glob/development-tools/versions/oneapi/2023.0.1/oneapi/tbb/2021.8.0/env/../lib/intel64/gcc4.8]
    arg [-L/glob/development-tools/versions/oneapi/2023.0.1/oneapi/mpi/2021.8.0//libfabric/lib] ==> dir [/glob/development-tools/versions/oneapi/2023.0.1/oneapi/mpi/2021.8.0//libfabric/lib]
    arg [-L/glob/development-tools/versions/oneapi/2023.0.1/oneapi/mpi/2021.8.0//lib/release] ==> dir [/glob/development-tools/versions/oneapi/2023.0.1/oneapi/mpi/2021.8.0//lib/release]
    arg [-L/glob/development-tools/versions/oneapi/2023.0.1/oneapi/mpi/2021.8.0//lib] ==> dir [/glob/development-tools/versions/oneapi/2023.0.1/oneapi/mpi/2021.8.0//lib]
    arg [-L/glob/development-tools/versions/oneapi/2023.0.1/oneapi/mkl/2023.0.0/lib/intel64] ==> dir [/glob/development-tools/versions/oneapi/2023.0.1/oneapi/mkl/2023.0.0/lib/intel64]
    arg [-L/glob/development-tools/versions/oneapi/2023.0.1/oneapi/ipp/2021.7.0/lib/intel64] ==> dir [/glob/development-tools/versions/oneapi/2023.0.1/oneapi/ipp/2021.7.0/lib/intel64]
    arg [-L/glob/development-tools/versions/oneapi/2023.0.1/oneapi/ippcp/2021.6.3/lib/intel64] ==> dir [/glob/development-tools/versions/oneapi/2023.0.1/oneapi/ippcp/2021.6.3/lib/intel64]
    arg [-L/glob/development-tools/versions/oneapi/2023.0.1/oneapi/ipp/2021.7.0/lib/intel64] ==> dir [/glob/development-tools/versions/oneapi/2023.0.1/oneapi/ipp/2021.7.0/lib/intel64]
    arg [-L/glob/development-tools/versions/oneapi/2023.0.1/oneapi/dnnl/2023.0.0/cpu_dpcpp_gpu_dpcpp/lib] ==> dir [/glob/development-tools/versions/oneapi/2023.0.1/oneapi/dnnl/2023.0.0/cpu_dpcpp_gpu_dpcpp/lib]
    arg [-L/glob/development-tools/versions/oneapi/2023.0.1/oneapi/dal/2023.0.0/lib/intel64] ==> dir [/glob/development-tools/versions/oneapi/2023.0.1/oneapi/dal/2023.0.0/lib/intel64]
    arg [-L/glob/development-tools/versions/oneapi/2023.0.1/oneapi/compiler/2023.0.0/linux/compiler/lib/intel64_lin] ==> dir [/glob/development-tools/versions/oneapi/2023.0.1/oneapi/compiler/2023.0.0/linux/compiler/lib/intel64_lin]
    arg [-L/glob/development-tools/versions/oneapi/2023.0.1/oneapi/compiler/2023.0.0/linux/lib] ==> dir [/glob/development-tools/versions/oneapi/2023.0.1/oneapi/compiler/2023.0.0/linux/lib]
    arg [-L/glob/development-tools/versions/oneapi/2023.0.1/oneapi/clck/2021.7.2/lib/intel64] ==> dir [/glob/development-tools/versions/oneapi/2023.0.1/oneapi/clck/2021.7.2/lib/intel64]
    arg [-L/glob/development-tools/versions/oneapi/2023.0.1/oneapi/ccl/2021.8.0/lib/cpu_gpu_dpcpp] ==> dir [/glob/development-tools/versions/oneapi/2023.0.1/oneapi/ccl/2021.8.0/lib/cpu_gpu_dpcpp]
    arg [-L/glob/development-tools/versions/oneapi/2023.0.1/oneapi/vpl/2023.0.0/lib] ==> dir [/glob/development-tools/versions/oneapi/2023.0.1/oneapi/vpl/2023.0.0/lib]
    arg [-L/glob/development-tools/versions/oneapi/2023.0.1/oneapi/tbb/2021.8.0/env/../lib/intel64/gcc4.8] ==> dir [/glob/development-tools/versions/oneapi/2023.0.1/oneapi/tbb/2021.8.0/env/../lib/intel64/gcc4.8]
    arg [-L/glob/development-tools/versions/oneapi/2023.0.1/oneapi/mpi/2021.8.0//libfabric/lib] ==> dir [/glob/development-tools/versions/oneapi/2023.0.1/oneapi/mpi/2021.8.0//libfabric/lib]
    arg [-L/glob/development-tools/versions/oneapi/2023.0.1/oneapi/mpi/2021.8.0//lib/release] ==> dir [/glob/development-tools/versions/oneapi/2023.0.1/oneapi/mpi/2021.8.0//lib/release]
    arg [-L/glob/development-tools/versions/oneapi/2023.0.1/oneapi/mpi/2021.8.0//lib] ==> dir [/glob/development-tools/versions/oneapi/2023.0.1/oneapi/mpi/2021.8.0//lib]
    arg [-L/glob/development-tools/versions/oneapi/2023.0.1/oneapi/mkl/2023.0.0/lib/intel64] ==> dir [/glob/development-tools/versions/oneapi/2023.0.1/oneapi/mkl/2023.0.0/lib/intel64]
    arg [-L/glob/development-tools/versions/oneapi/2023.0.1/oneapi/ipp/2021.7.0/lib/intel64] ==> dir [/glob/development-tools/versions/oneapi/2023.0.1/oneapi/ipp/2021.7.0/lib/intel64]
    arg [-L/glob/development-tools/versions/oneapi/2023.0.1/oneapi/ippcp/2021.6.3/lib/intel64] ==> dir [/glob/development-tools/versions/oneapi/2023.0.1/oneapi/ippcp/2021.6.3/lib/intel64]
    arg [-L/glob/development-tools/versions/oneapi/2023.0.1/oneapi/ipp/2021.7.0/lib/intel64] ==> dir [/glob/development-tools/versions/oneapi/2023.0.1/oneapi/ipp/2021.7.0/lib/intel64]
    arg [-L/glob/development-tools/versions/oneapi/2023.0.1/oneapi/dnnl/2023.0.0/cpu_dpcpp_gpu_dpcpp/lib] ==> dir [/glob/development-tools/versions/oneapi/2023.0.1/oneapi/dnnl/2023.0.0/cpu_dpcpp_gpu_dpcpp/lib]
    arg [-L/glob/development-tools/versions/oneapi/2023.0.1/oneapi/dal/2023.0.0/lib/intel64] ==> dir [/glob/development-tools/versions/oneapi/2023.0.1/oneapi/dal/2023.0.0/lib/intel64]
    arg [-L/glob/development-tools/versions/oneapi/2023.0.1/oneapi/compiler/2023.0.0/linux/compiler/lib/intel64_lin] ==> dir [/glob/development-tools/versions/oneapi/2023.0.1/oneapi/compiler/2023.0.0/linux/compiler/lib/intel64_lin]
    arg [-L/glob/development-tools/versions/oneapi/2023.0.1/oneapi/compiler/2023.0.0/linux/lib] ==> dir [/glob/development-tools/versions/oneapi/2023.0.1/oneapi/compiler/2023.0.0/linux/lib]
    arg [-L/glob/development-tools/versions/oneapi/2023.0.1/oneapi/clck/2021.7.2/lib/intel64] ==> dir [/glob/development-tools/versions/oneapi/2023.0.1/oneapi/clck/2021.7.2/lib/intel64]
    arg [-L/glob/development-tools/versions/oneapi/2023.0.1/oneapi/ccl/2021.8.0/lib/cpu_gpu_dpcpp] ==> dir [/glob/development-tools/versions/oneapi/2023.0.1/oneapi/ccl/2021.8.0/lib/cpu_gpu_dpcpp]
    arg [CMakeFiles/cmTC_37036.dir/CMakeCXXCompilerABI.cpp.o] ==> ignore
    arg [-Bstatic] ==> ignore
    arg [-lsvml] ==> lib [svml]
    arg [-Bdynamic] ==> ignore
    arg [-Bstatic] ==> ignore
    arg [-lirng] ==> lib [irng]
    arg [-Bdynamic] ==> ignore
    arg [-lstdc++] ==> lib [stdc++]
    arg [-Bstatic] ==> ignore
    arg [-limf] ==> lib [imf]
    arg [-Bdynamic] ==> ignore
    arg [-lm] ==> lib [m]
    arg [-lgcc_s] ==> lib [gcc_s]
    arg [-lgcc] ==> lib [gcc]
    arg [-Bstatic] ==> ignore
    arg [-lirc] ==> lib [irc]
    arg [-Bdynamic] ==> ignore
    arg [-ldl] ==> lib [dl]
    arg [-lgcc_s] ==> lib [gcc_s]
    arg [-lgcc] ==> lib [gcc]
    arg [-lc] ==> lib [c]
    arg [-lgcc_s] ==> lib [gcc_s]
    arg [-lgcc] ==> lib [gcc]
    arg [-Bstatic] ==> ignore
    arg [-lirc_s] ==> lib [irc_s]
    arg [-Bdynamic] ==> ignore
    arg [/usr/lib/gcc/x86_64-linux-gnu/7.4.0/crtendS.o] ==> ignore
    arg [/usr/lib/x86_64-linux-gnu/crtn.o] ==> ignore
  collapse library dir [/glob/development-tools/versions/oneapi/2023.0.1/oneapi/compiler/2023.0.0/linux/bin-llvm/../compiler/lib/intel64_lin] ==> [/glob/development-tools/versions/oneapi/2023.0.1/oneapi/compiler/2023.0.0/linux/compiler/lib/intel64_lin]
  collapse library dir [/glob/development-tools/versions/oneapi/2023.0.1/oneapi/compiler/2023.0.0/linux/bin-llvm/../lib] ==> [/glob/development-tools/versions/oneapi/2023.0.1/oneapi/compiler/2023.0.0/linux/lib]
  collapse library dir [/glob/development-tools/versions/oneapi/2023.0.1/oneapi/compiler/2023.0.0/linux/bin-llvm/../compiler/lib/intel64_lin] ==> [/glob/development-tools/versions/oneapi/2023.0.1/oneapi/compiler/2023.0.0/linux/compiler/lib/intel64_lin]
  collapse library dir [/usr/lib/gcc/x86_64-linux-gnu/7.4.0] ==> [/usr/lib/gcc/x86_64-linux-gnu/7.4.0]
  collapse library dir [/lib/x86_64-linux-gnu] ==> [/lib/x86_64-linux-gnu]
  collapse library dir [/lib/../lib64] ==> [/lib64]
  collapse library dir [/usr/lib/x86_64-linux-gnu] ==> [/usr/lib/x86_64-linux-gnu]
  collapse library dir [/usr/lib/gcc/x86_64-linux-gnu/7.4.0/../../..] ==> [/usr/lib]
  collapse library dir [/glob/development-tools/versions/oneapi/2023.0.1/oneapi/compiler/2023.0.0/linux/bin-llvm/../lib] ==> [/glob/development-tools/versions/oneapi/2023.0.1/oneapi/compiler/2023.0.0/linux/lib]
  collapse library dir [/lib] ==> [/lib]
  collapse library dir [/usr/lib] ==> [/usr/lib]
  collapse library dir [/glob/development-tools/versions/oneapi/2023.0.1/oneapi/vpl/2023.0.0/lib] ==> [/glob/development-tools/versions/oneapi/2023.0.1/oneapi/vpl/2023.0.0/lib]
  collapse library dir [/glob/development-tools/versions/oneapi/2023.0.1/oneapi/tbb/2021.8.0/env/../lib/intel64/gcc4.8] ==> [/glob/development-tools/versions/oneapi/2023.0.1/oneapi/tbb/2021.8.0/lib/intel64/gcc4.8]
  collapse library dir [/glob/development-tools/versions/oneapi/2023.0.1/oneapi/mpi/2021.8.0//libfabric/lib] ==> [/glob/development-tools/versions/oneapi/2023.0.1/oneapi/mpi/2021.8.0/libfabric/lib]
  collapse library dir [/glob/development-tools/versions/oneapi/2023.0.1/oneapi/mpi/2021.8.0//lib/release] ==> [/glob/development-tools/versions/oneapi/2023.0.1/oneapi/mpi/2021.8.0/lib/release]
  collapse library dir [/glob/development-tools/versions/oneapi/2023.0.1/oneapi/mpi/2021.8.0//lib] ==> [/glob/development-tools/versions/oneapi/2023.0.1/oneapi/mpi/2021.8.0/lib]
  collapse library dir [/glob/development-tools/versions/oneapi/2023.0.1/oneapi/mkl/2023.0.0/lib/intel64] ==> [/glob/development-tools/versions/oneapi/2023.0.1/oneapi/mkl/2023.0.0/lib/intel64]
  collapse library dir [/glob/development-tools/versions/oneapi/2023.0.1/oneapi/ipp/2021.7.0/lib/intel64] ==> [/glob/development-tools/versions/oneapi/2023.0.1/oneapi/ipp/2021.7.0/lib/intel64]
  collapse library dir [/glob/development-tools/versions/oneapi/2023.0.1/oneapi/ippcp/2021.6.3/lib/intel64] ==> [/glob/development-tools/versions/oneapi/2023.0.1/oneapi/ippcp/2021.6.3/lib/intel64]
  collapse library dir [/glob/development-tools/versions/oneapi/2023.0.1/oneapi/ipp/2021.7.0/lib/intel64] ==> [/glob/development-tools/versions/oneapi/2023.0.1/oneapi/ipp/2021.7.0/lib/intel64]
  collapse library dir [/glob/development-tools/versions/oneapi/2023.0.1/oneapi/dnnl/2023.0.0/cpu_dpcpp_gpu_dpcpp/lib] ==> [/glob/development-tools/versions/oneapi/2023.0.1/oneapi/dnnl/2023.0.0/cpu_dpcpp_gpu_dpcpp/lib]
  collapse library dir [/glob/development-tools/versions/oneapi/2023.0.1/oneapi/dal/2023.0.0/lib/intel64] ==> [/glob/development-tools/versions/oneapi/2023.0.1/oneapi/dal/2023.0.0/lib/intel64]
  collapse library dir [/glob/development-tools/versions/oneapi/2023.0.1/oneapi/compiler/2023.0.0/linux/compiler/lib/intel64_lin] ==> [/glob/development-tools/versions/oneapi/2023.0.1/oneapi/compiler/2023.0.0/linux/compiler/lib/intel64_lin]
  collapse library dir [/glob/development-tools/versions/oneapi/2023.0.1/oneapi/compiler/2023.0.0/linux/lib] ==> [/glob/development-tools/versions/oneapi/2023.0.1/oneapi/compiler/2023.0.0/linux/lib]
  collapse library dir [/glob/development-tools/versions/oneapi/2023.0.1/oneapi/clck/2021.7.2/lib/intel64] ==> [/glob/development-tools/versions/oneapi/2023.0.1/oneapi/clck/2021.7.2/lib/intel64]
  collapse library dir [/glob/development-tools/versions/oneapi/2023.0.1/oneapi/ccl/2021.8.0/lib/cpu_gpu_dpcpp] ==> [/glob/development-tools/versions/oneapi/2023.0.1/oneapi/ccl/2021.8.0/lib/cpu_gpu_dpcpp]
  collapse library dir [/glob/development-tools/versions/oneapi/2023.0.1/oneapi/vpl/2023.0.0/lib] ==> [/glob/development-tools/versions/oneapi/2023.0.1/oneapi/vpl/2023.0.0/lib]
  collapse library dir [/glob/development-tools/versions/oneapi/2023.0.1/oneapi/tbb/2021.8.0/env/../lib/intel64/gcc4.8] ==> [/glob/development-tools/versions/oneapi/2023.0.1/oneapi/tbb/2021.8.0/lib/intel64/gcc4.8]
  collapse library dir [/glob/development-tools/versions/oneapi/2023.0.1/oneapi/mpi/2021.8.0//libfabric/lib] ==> [/glob/development-tools/versions/oneapi/2023.0.1/oneapi/mpi/2021.8.0/libfabric/lib]
  collapse library dir [/glob/development-tools/versions/oneapi/2023.0.1/oneapi/mpi/2021.8.0//lib/release] ==> [/glob/development-tools/versions/oneapi/2023.0.1/oneapi/mpi/2021.8.0/lib/release]
  collapse library dir [/glob/development-tools/versions/oneapi/2023.0.1/oneapi/mpi/2021.8.0//lib] ==> [/glob/development-tools/versions/oneapi/2023.0.1/oneapi/mpi/2021.8.0/lib]
  collapse library dir [/glob/development-tools/versions/oneapi/2023.0.1/oneapi/mkl/2023.0.0/lib/intel64] ==> [/glob/development-tools/versions/oneapi/2023.0.1/oneapi/mkl/2023.0.0/lib/intel64]
  collapse library dir [/glob/development-tools/versions/oneapi/2023.0.1/oneapi/ipp/2021.7.0/lib/intel64] ==> [/glob/development-tools/versions/oneapi/2023.0.1/oneapi/ipp/2021.7.0/lib/intel64]
  collapse library dir [/glob/development-tools/versions/oneapi/2023.0.1/oneapi/ippcp/2021.6.3/lib/intel64] ==> [/glob/development-tools/versions/oneapi/2023.0.1/oneapi/ippcp/2021.6.3/lib/intel64]
  collapse library dir [/glob/development-tools/versions/oneapi/2023.0.1/oneapi/ipp/2021.7.0/lib/intel64] ==> [/glob/development-tools/versions/oneapi/2023.0.1/oneapi/ipp/2021.7.0/lib/intel64]
  collapse library dir [/glob/development-tools/versions/oneapi/2023.0.1/oneapi/dnnl/2023.0.0/cpu_dpcpp_gpu_dpcpp/lib] ==> [/glob/development-tools/versions/oneapi/2023.0.1/oneapi/dnnl/2023.0.0/cpu_dpcpp_gpu_dpcpp/lib]
  collapse library dir [/glob/development-tools/versions/oneapi/2023.0.1/oneapi/dal/2023.0.0/lib/intel64] ==> [/glob/development-tools/versions/oneapi/2023.0.1/oneapi/dal/2023.0.0/lib/intel64]
  collapse library dir [/glob/development-tools/versions/oneapi/2023.0.1/oneapi/compiler/2023.0.0/linux/compiler/lib/intel64_lin] ==> [/glob/development-tools/versions/oneapi/2023.0.1/oneapi/compiler/2023.0.0/linux/compiler/lib/intel64_lin]
  collapse library dir [/glob/development-tools/versions/oneapi/2023.0.1/oneapi/compiler/2023.0.0/linux/lib] ==> [/glob/development-tools/versions/oneapi/2023.0.1/oneapi/compiler/2023.0.0/linux/lib]
  collapse library dir [/glob/development-tools/versions/oneapi/2023.0.1/oneapi/clck/2021.7.2/lib/intel64] ==> [/glob/development-tools/versions/oneapi/2023.0.1/oneapi/clck/2021.7.2/lib/intel64]
  collapse library dir [/glob/development-tools/versions/oneapi/2023.0.1/oneapi/ccl/2021.8.0/lib/cpu_gpu_dpcpp] ==> [/glob/development-tools/versions/oneapi/2023.0.1/oneapi/ccl/2021.8.0/lib/cpu_gpu_dpcpp]
  implicit libs: [svml;irng;stdc++;imf;m;gcc_s;gcc;irc;dl;gcc_s;gcc;c;gcc_s;gcc;irc_s]
  implicit dirs: [/glob/development-tools/versions/oneapi/2023.0.1/oneapi/compiler/2023.0.0/linux/compiler/lib/intel64_lin;/glob/development-tools/versions/oneapi/2023.0.1/oneapi/compiler/2023.0.0/linux/lib;/usr/lib/gcc/x86_64-linux-gnu/7.4.0;/lib/x86_64-linux-gnu;/lib64;/usr/lib/x86_64-linux-gnu;/usr/lib;/lib;/glob/development-tools/versions/oneapi/2023.0.1/oneapi/vpl/2023.0.0/lib;/glob/development-tools/versions/oneapi/2023.0.1/oneapi/tbb/2021.8.0/lib/intel64/gcc4.8;/glob/development-tools/versions/oneapi/2023.0.1/oneapi/mpi/2021.8.0/libfabric/lib;/glob/development-tools/versions/oneapi/2023.0.1/oneapi/mpi/2021.8.0/lib/release;/glob/development-tools/versions/oneapi/2023.0.1/oneapi/mpi/2021.8.0/lib;/glob/development-tools/versions/oneapi/2023.0.1/oneapi/mkl/2023.0.0/lib/intel64;/glob/development-tools/versions/oneapi/2023.0.1/oneapi/ipp/2021.7.0/lib/intel64;/glob/development-tools/versions/oneapi/2023.0.1/oneapi/ippcp/2021.6.3/lib/intel64;/glob/development-tools/versions/oneapi/2023.0.1/oneapi/dnnl/2023.0.0/cpu_dpcpp_gpu_dpcpp/lib;/glob/development-tools/versions/oneapi/2023.0.1/oneapi/dal/2023.0.0/lib/intel64;/glob/development-tools/versions/oneapi/2023.0.1/oneapi/clck/2021.7.2/lib/intel64;/glob/development-tools/versions/oneapi/2023.0.1/oneapi/ccl/2021.8.0/lib/cpu_gpu_dpcpp]
  implicit fwks: []




Detecting CXX [-std=c++1z] compiler features compiled with the following output:
Change Dir: /home/u186670/HeteroRL_CartPole/RL_OneAPI/CartPole/Init/build/CMakeFiles/CMakeTmp

Run Build Command:"/usr/bin/make" "cmTC_477d1/fast"
/usr/bin/make -f CMakeFiles/cmTC_477d1.dir/build.make CMakeFiles/cmTC_477d1.dir/build
make[1]: Entering directory '/home/u186670/HeteroRL_CartPole/RL_OneAPI/CartPole/Init/build/CMakeFiles/CMakeTmp'
Building CXX object CMakeFiles/cmTC_477d1.dir/feature_tests.cxx.o
/glob/development-tools/versions/oneapi/2023.0.1/oneapi/compiler/2023.0.0/linux/bin/icpx    -std=c++1z -o CMakeFiles/cmTC_477d1.dir/feature_tests.cxx.o -c /home/u186670/HeteroRL_CartPole/RL_OneAPI/CartPole/Init/build/CMakeFiles/feature_tests.cxx
Linking CXX executable cmTC_477d1
/usr/bin/cmake -E cmake_link_script CMakeFiles/cmTC_477d1.dir/link.txt --verbose=1
/glob/development-tools/versions/oneapi/2023.0.1/oneapi/compiler/2023.0.0/linux/bin/icpx       -rdynamic CMakeFiles/cmTC_477d1.dir/feature_tests.cxx.o  -o cmTC_477d1 
make[1]: Leaving directory '/home/u186670/HeteroRL_CartPole/RL_OneAPI/CartPole/Init/build/CMakeFiles/CMakeTmp'


    Feature record: CXX_FEATURE:1cxx_aggregate_default_initializers
    Feature record: CXX_FEATURE:1cxx_alias_templates
    Feature record: CXX_FEATURE:1cxx_alignas
    Feature record: CXX_FEATURE:1cxx_alignof
    Feature record: CXX_FEATURE:1cxx_attributes
    Feature record: CXX_FEATURE:1cxx_attribute_deprecated
    Feature record: CXX_FEATURE:1cxx_auto_type
    Feature record: CXX_FEATURE:1cxx_binary_literals
    Feature record: CXX_FEATURE:1cxx_constexpr
    Feature record: CXX_FEATURE:1cxx_contextual_conversions
    Feature record: CXX_FEATURE:1cxx_decltype
    Feature record: CXX_FEATURE:1cxx_decltype_auto
    Feature record: CXX_FEATURE:1cxx_decltype_incomplete_return_types
    Feature record: CXX_FEATURE:1cxx_default_function_template_args
    Feature record: CXX_FEATURE:1cxx_defaulted_functions
    Feature record: CXX_FEATURE:1cxx_defaulted_move_initializers
    Feature record: CXX_FEATURE:1cxx_delegating_constructors
    Feature record: CXX_FEATURE:1cxx_deleted_functions
    Feature record: CXX_FEATURE:1cxx_digit_separators
    Feature record: CXX_FEATURE:1cxx_enum_forward_declarations
    Feature record: CXX_FEATURE:1cxx_explicit_conversions
    Feature record: CXX_FEATURE:1cxx_extended_friend_declarations
    Feature record: CXX_FEATURE:1cxx_extern_templates
    Feature record: CXX_FEATURE:1cxx_final
    Feature record: CXX_FEATURE:1cxx_func_identifier
    Feature record: CXX_FEATURE:1cxx_generalized_initializers
    Feature record: CXX_FEATURE:1cxx_generic_lambdas
    Feature record: CXX_FEATURE:1cxx_inheriting_constructors
    Feature record: CXX_FEATURE:1cxx_inline_namespaces
    Feature record: CXX_FEATURE:1cxx_lambdas
    Feature record: CXX_FEATURE:1cxx_lambda_init_captures
    Feature record: CXX_FEATURE:1cxx_local_type_template_args
    Feature record: CXX_FEATURE:1cxx_long_long_type
    Feature record: CXX_FEATURE:1cxx_noexcept
    Feature record: CXX_FEATURE:1cxx_nonstatic_member_init
    Feature record: CXX_FEATURE:1cxx_nullptr
    Feature record: CXX_FEATURE:1cxx_override
    Feature record: CXX_FEATURE:1cxx_range_for
    Feature record: CXX_FEATURE:1cxx_raw_string_literals
    Feature record: CXX_FEATURE:1cxx_reference_qualified_functions
    Feature record: CXX_FEATURE:1cxx_relaxed_constexpr
    Feature record: CXX_FEATURE:1cxx_return_type_deduction
    Feature record: CXX_FEATURE:1cxx_right_angle_brackets
    Feature record: CXX_FEATURE:1cxx_rvalue_references
    Feature record: CXX_FEATURE:1cxx_sizeof_member
    Feature record: CXX_FEATURE:1cxx_static_assert
    Feature record: CXX_FEATURE:1cxx_strong_enums
    Feature record: CXX_FEATURE:1cxx_template_template_parameters
    Feature record: CXX_FEATURE:1cxx_thread_local
    Feature record: CXX_FEATURE:1cxx_trailing_return_types
    Feature record: CXX_FEATURE:1cxx_unicode_literals
    Feature record: CXX_FEATURE:1cxx_uniform_initialization
    Feature record: CXX_FEATURE:1cxx_unrestricted_unions
    Feature record: CXX_FEATURE:1cxx_user_literals
    Feature record: CXX_FEATURE:1cxx_variable_templates
    Feature record: CXX_FEATURE:1cxx_variadic_macros
    Feature record: CXX_FEATURE:1cxx_variadic_templates


Detecting CXX [-std=c++14] compiler features compiled with the following output:
Change Dir: /home/u186670/HeteroRL_CartPole/RL_OneAPI/CartPole/Init/build/CMakeFiles/CMakeTmp

Run Build Command:"/usr/bin/make" "cmTC_be251/fast"
/usr/bin/make -f CMakeFiles/cmTC_be251.dir/build.make CMakeFiles/cmTC_be251.dir/build
make[1]: Entering directory '/home/u186670/HeteroRL_CartPole/RL_OneAPI/CartPole/Init/build/CMakeFiles/CMakeTmp'
Building CXX object CMakeFiles/cmTC_be251.dir/feature_tests.cxx.o
/glob/development-tools/versions/oneapi/2023.0.1/oneapi/compiler/2023.0.0/linux/bin/icpx    -std=c++14 -o CMakeFiles/cmTC_be251.dir/feature_tests.cxx.o -c /home/u186670/HeteroRL_CartPole/RL_OneAPI/CartPole/Init/build/CMakeFiles/feature_tests.cxx
Linking CXX executable cmTC_be251
/usr/bin/cmake -E cmake_link_script CMakeFiles/cmTC_be251.dir/link.txt --verbose=1
/glob/development-tools/versions/oneapi/2023.0.1/oneapi/compiler/2023.0.0/linux/bin/icpx       -rdynamic CMakeFiles/cmTC_be251.dir/feature_tests.cxx.o  -o cmTC_be251 
make[1]: Leaving directory '/home/u186670/HeteroRL_CartPole/RL_OneAPI/CartPole/Init/build/CMakeFiles/CMakeTmp'


    Feature record: CXX_FEATURE:1cxx_aggregate_default_initializers
    Feature record: CXX_FEATURE:1cxx_alias_templates
    Feature record: CXX_FEATURE:1cxx_alignas
    Feature record: CXX_FEATURE:1cxx_alignof
    Feature record: CXX_FEATURE:1cxx_attributes
    Feature record: CXX_FEATURE:1cxx_attribute_deprecated
    Feature record: CXX_FEATURE:1cxx_auto_type
    Feature record: CXX_FEATURE:1cxx_binary_literals
    Feature record: CXX_FEATURE:1cxx_constexpr
    Feature record: CXX_FEATURE:1cxx_contextual_conversions
    Feature record: CXX_FEATURE:1cxx_decltype
    Feature record: CXX_FEATURE:1cxx_decltype_auto
    Feature record: CXX_FEATURE:1cxx_decltype_incomplete_return_types
    Feature record: CXX_FEATURE:1cxx_default_function_template_args
    Feature record: CXX_FEATURE:1cxx_defaulted_functions
    Feature record: CXX_FEATURE:1cxx_defaulted_move_initializers
    Feature record: CXX_FEATURE:1cxx_delegating_constructors
    Feature record: CXX_FEATURE:1cxx_deleted_functions
    Feature record: CXX_FEATURE:1cxx_digit_separators
    Feature record: CXX_FEATURE:1cxx_enum_forward_declarations
    Feature record: CXX_FEATURE:1cxx_explicit_conversions
    Feature record: CXX_FEATURE:1cxx_extended_friend_declarations
    Feature record: CXX_FEATURE:1cxx_extern_templates
    Feature record: CXX_FEATURE:1cxx_final
    Feature record: CXX_FEATURE:1cxx_func_identifier
    Feature record: CXX_FEATURE:1cxx_generalized_initializers
    Feature record: CXX_FEATURE:1cxx_generic_lambdas
    Feature record: CXX_FEATURE:1cxx_inheriting_constructors
    Feature record: CXX_FEATURE:1cxx_inline_namespaces
    Feature record: CXX_FEATURE:1cxx_lambdas
    Feature record: CXX_FEATURE:1cxx_lambda_init_captures
    Feature record: CXX_FEATURE:1cxx_local_type_template_args
    Feature record: CXX_FEATURE:1cxx_long_long_type
    Feature record: CXX_FEATURE:1cxx_noexcept
    Feature record: CXX_FEATURE:1cxx_nonstatic_member_init
    Feature record: CXX_FEATURE:1cxx_nullptr
    Feature record: CXX_FEATURE:1cxx_override
    Feature record: CXX_FEATURE:1cxx_range_for
    Feature record: CXX_FEATURE:1cxx_raw_string_literals
    Feature record: CXX_FEATURE:1cxx_reference_qualified_functions
    Feature record: CXX_FEATURE:1cxx_relaxed_constexpr
    Feature record: CXX_FEATURE:1cxx_return_type_deduction
    Feature record: CXX_FEATURE:1cxx_right_angle_brackets
    Feature record: CXX_FEATURE:1cxx_rvalue_references
    Feature record: CXX_FEATURE:1cxx_sizeof_member
    Feature record: CXX_FEATURE:1cxx_static_assert
    Feature record: CXX_FEATURE:1cxx_strong_enums
    Feature record: CXX_FEATURE:1cxx_template_template_parameters
    Feature record: CXX_FEATURE:1cxx_thread_local
    Feature record: CXX_FEATURE:1cxx_trailing_return_types
    Feature record: CXX_FEATURE:1cxx_unicode_literals
    Feature record: CXX_FEATURE:1cxx_uniform_initialization
    Feature record: CXX_FEATURE:1cxx_unrestricted_unions
    Feature record: CXX_FEATURE:1cxx_user_literals
    Feature record: CXX_FEATURE:1cxx_variable_templates
    Feature record: CXX_FEATURE:1cxx_variadic_macros
    Feature record: CXX_FEATURE:1cxx_variadic_templates


Detecting CXX [-std=c++11] compiler features compiled with the following output:
Change Dir: /home/u186670/HeteroRL_CartPole/RL_OneAPI/CartPole/Init/build/CMakeFiles/CMakeTmp

Run Build Command:"/usr/bin/make" "cmTC_a9e39/fast"
/usr/bin/make -f CMakeFiles/cmTC_a9e39.dir/build.make CMakeFiles/cmTC_a9e39.dir/build
make[1]: Entering directory '/home/u186670/HeteroRL_CartPole/RL_OneAPI/CartPole/Init/build/CMakeFiles/CMakeTmp'
Building CXX object CMakeFiles/cmTC_a9e39.dir/feature_tests.cxx.o
/glob/development-tools/versions/oneapi/2023.0.1/oneapi/compiler/2023.0.0/linux/bin/icpx    -std=c++11 -o CMakeFiles/cmTC_a9e39.dir/feature_tests.cxx.o -c /home/u186670/HeteroRL_CartPole/RL_OneAPI/CartPole/Init/build/CMakeFiles/feature_tests.cxx
Linking CXX executable cmTC_a9e39
/usr/bin/cmake -E cmake_link_script CMakeFiles/cmTC_a9e39.dir/link.txt --verbose=1
/glob/development-tools/versions/oneapi/2023.0.1/oneapi/compiler/2023.0.0/linux/bin/icpx       -rdynamic CMakeFiles/cmTC_a9e39.dir/feature_tests.cxx.o  -o cmTC_a9e39 
make[1]: Leaving directory '/home/u186670/HeteroRL_CartPole/RL_OneAPI/CartPole/Init/build/CMakeFiles/CMakeTmp'


    Feature record: CXX_FEATURE:0cxx_aggregate_default_initializers
    Feature record: CXX_FEATURE:1cxx_alias_templates
    Feature record: CXX_FEATURE:1cxx_alignas
    Feature record: CXX_FEATURE:1cxx_alignof
    Feature record: CXX_FEATURE:1cxx_attributes
    Feature record: CXX_FEATURE:0cxx_attribute_deprecated
    Feature record: CXX_FEATURE:1cxx_auto_type
    Feature record: CXX_FEATURE:0cxx_binary_literals
    Feature record: CXX_FEATURE:1cxx_constexpr
    Feature record: CXX_FEATURE:0cxx_contextual_conversions
    Feature record: CXX_FEATURE:1cxx_decltype
    Feature record: CXX_FEATURE:0cxx_decltype_auto
    Feature record: CXX_FEATURE:1cxx_decltype_incomplete_return_types
    Feature record: CXX_FEATURE:1cxx_default_function_template_args
    Feature record: CXX_FEATURE:1cxx_defaulted_functions
    Feature record: CXX_FEATURE:1cxx_defaulted_move_initializers
    Feature record: CXX_FEATURE:1cxx_delegating_constructors
    Feature record: CXX_FEATURE:1cxx_deleted_functions
    Feature record: CXX_FEATURE:0cxx_digit_separators
    Feature record: CXX_FEATURE:1cxx_enum_forward_declarations
    Feature record: CXX_FEATURE:1cxx_explicit_conversions
    Feature record: CXX_FEATURE:1cxx_extended_friend_declarations
    Feature record: CXX_FEATURE:1cxx_extern_templates
    Feature record: CXX_FEATURE:1cxx_final
    Feature record: CXX_FEATURE:1cxx_func_identifier
    Feature record: CXX_FEATURE:1cxx_generalized_initializers
    Feature record: CXX_FEATURE:0cxx_generic_lambdas
    Feature record: CXX_FEATURE:1cxx_inheriting_constructors
    Feature record: CXX_FEATURE:1cxx_inline_namespaces
    Feature record: CXX_FEATURE:1cxx_lambdas
    Feature record: CXX_FEATURE:0cxx_lambda_init_captures
    Feature record: CXX_FEATURE:1cxx_local_type_template_args
    Feature record: CXX_FEATURE:1cxx_long_long_type
    Feature record: CXX_FEATURE:1cxx_noexcept
    Feature record: CXX_FEATURE:1cxx_nonstatic_member_init
    Feature record: CXX_FEATURE:1cxx_nullptr
    Feature record: CXX_FEATURE:1cxx_override
    Feature record: CXX_FEATURE:1cxx_range_for
    Feature record: CXX_FEATURE:1cxx_raw_string_literals
    Feature record: CXX_FEATURE:1cxx_reference_qualified_functions
    Feature record: CXX_FEATURE:0cxx_relaxed_constexpr
    Feature record: CXX_FEATURE:0cxx_return_type_deduction
    Feature record: CXX_FEATURE:1cxx_right_angle_brackets
    Feature record: CXX_FEATURE:1cxx_rvalue_references
    Feature record: CXX_FEATURE:1cxx_sizeof_member
    Feature record: CXX_FEATURE:1cxx_static_assert
    Feature record: CXX_FEATURE:1cxx_strong_enums
    Feature record: CXX_FEATURE:1cxx_template_template_parameters
    Feature record: CXX_FEATURE:1cxx_thread_local
    Feature record: CXX_FEATURE:1cxx_trailing_return_types
    Feature record: CXX_FEATURE:1cxx_unicode_literals
    Feature record: CXX_FEATURE:1cxx_uniform_initialization
    Feature record: CXX_FEATURE:1cxx_unrestricted_unions
    Feature record: CXX_FEATURE:1cxx_user_literals
    Feature record: CXX_FEATURE:0cxx_variable_templates
    Feature record: CXX_FEATURE:1cxx_variadic_macros
    Feature record: CXX_FEATURE:1cxx_variadic_templates


Detecting CXX [-std=c++98] compiler features compiled with the following output:
Change Dir: /home/u186670/HeteroRL_CartPole/RL_OneAPI/CartPole/Init/build/CMakeFiles/CMakeTmp

Run Build Command:"/usr/bin/make" "cmTC_cd834/fast"
/usr/bin/make -f CMakeFiles/cmTC_cd834.dir/build.make CMakeFiles/cmTC_cd834.dir/build
make[1]: Entering directory '/home/u186670/HeteroRL_CartPole/RL_OneAPI/CartPole/Init/build/CMakeFiles/CMakeTmp'
Building CXX object CMakeFiles/cmTC_cd834.dir/feature_tests.cxx.o
/glob/development-tools/versions/oneapi/2023.0.1/oneapi/compiler/2023.0.0/linux/bin/icpx    -std=c++98 -o CMakeFiles/cmTC_cd834.dir/feature_tests.cxx.o -c /home/u186670/HeteroRL_CartPole/RL_OneAPI/CartPole/Init/build/CMakeFiles/feature_tests.cxx
Linking CXX executable cmTC_cd834
/usr/bin/cmake -E cmake_link_script CMakeFiles/cmTC_cd834.dir/link.txt --verbose=1
/glob/development-tools/versions/oneapi/2023.0.1/oneapi/compiler/2023.0.0/linux/bin/icpx       -rdynamic CMakeFiles/cmTC_cd834.dir/feature_tests.cxx.o  -o cmTC_cd834 
make[1]: Leaving directory '/home/u186670/HeteroRL_CartPole/RL_OneAPI/CartPole/Init/build/CMakeFiles/CMakeTmp'


    Feature record: CXX_FEATURE:0cxx_aggregate_default_initializers
    Feature record: CXX_FEATURE:0cxx_alias_templates
    Feature record: CXX_FEATURE:0cxx_alignas
    Feature record: CXX_FEATURE:0cxx_alignof
    Feature record: CXX_FEATURE:0cxx_attributes
    Feature record: CXX_FEATURE:0cxx_attribute_deprecated
    Feature record: CXX_FEATURE:0cxx_auto_type
    Feature record: CXX_FEATURE:0cxx_binary_literals
    Feature record: CXX_FEATURE:0cxx_constexpr
    Feature record: CXX_FEATURE:0cxx_contextual_conversions
    Feature record: CXX_FEATURE:0cxx_decltype
    Feature record: CXX_FEATURE:0cxx_decltype_auto
    Feature record: CXX_FEATURE:0cxx_decltype_incomplete_return_types
    Feature record: CXX_FEATURE:0cxx_default_function_template_args
    Feature record: CXX_FEATURE:0cxx_defaulted_functions
    Feature record: CXX_FEATURE:0cxx_defaulted_move_initializers
    Feature record: CXX_FEATURE:0cxx_delegating_constructors
    Feature record: CXX_FEATURE:0cxx_deleted_functions
    Feature record: CXX_FEATURE:0cxx_digit_separators
    Feature record: CXX_FEATURE:0cxx_enum_forward_declarations
    Feature record: CXX_FEATURE:0cxx_explicit_conversions
    Feature record: CXX_FEATURE:0cxx_extended_friend_declarations
    Feature record: CXX_FEATURE:0cxx_extern_templates
    Feature record: CXX_FEATURE:0cxx_final
    Feature record: CXX_FEATURE:0cxx_func_identifier
    Feature record: CXX_FEATURE:0cxx_generalized_initializers
    Feature record: CXX_FEATURE:0cxx_generic_lambdas
    Feature record: CXX_FEATURE:0cxx_inheriting_constructors
    Feature record: CXX_FEATURE:0cxx_inline_namespaces
    Feature record: CXX_FEATURE:0cxx_lambdas
    Feature record: CXX_FEATURE:0cxx_lambda_init_captures
    Feature record: CXX_FEATURE:0cxx_local_type_template_args
    Feature record: CXX_FEATURE:0cxx_long_long_type
    Feature record: CXX_FEATURE:0cxx_noexcept
    Feature record: CXX_FEATURE:0cxx_nonstatic_member_init
    Feature record: CXX_FEATURE:0cxx_nullptr
    Feature record: CXX_FEATURE:0cxx_override
    Feature record: CXX_FEATURE:0cxx_range_for
    Feature record: CXX_FEATURE:0cxx_raw_string_literals
    Feature record: CXX_FEATURE:0cxx_reference_qualified_functions
    Feature record: CXX_FEATURE:0cxx_relaxed_constexpr
    Feature record: CXX_FEATURE:0cxx_return_type_deduction
    Feature record: CXX_FEATURE:0cxx_right_angle_brackets
    Feature record: CXX_FEATURE:0cxx_rvalue_references
    Feature record: CXX_FEATURE:0cxx_sizeof_member
    Feature record: CXX_FEATURE:0cxx_static_assert
    Feature record: CXX_FEATURE:0cxx_strong_enums
    Feature record: CXX_FEATURE:1cxx_template_template_parameters
    Feature record: CXX_FEATURE:0cxx_thread_local
    Feature record: CXX_FEATURE:0cxx_trailing_return_types
    Feature record: CXX_FEATURE:0cxx_unicode_literals
    Feature record: CXX_FEATURE:0cxx_uniform_initialization
    Feature record: CXX_FEATURE:0cxx_unrestricted_unions
    Feature record: CXX_FEATURE:0cxx_user_literals
    Feature record: CXX_FEATURE:0cxx_variable_templates
    Feature record: CXX_FEATURE:0cxx_variadic_macros
    Feature record: CXX_FEATURE:0cxx_variadic_templates
